<?xml version="1.0" encoding="UTF-8"?>
<!-- Generated by org.testng.reporters.JUnitReportReporter -->
<testsuite hostname="Dell210221" failures="0" tests="1" name="POJO.CreateNestedJSONfromPOJOClasses" time="0.522" errors="0" timestamp="2023-12-29T20:09:44 GMT" skipped="0">
  <testcase classname="POJO.CreateNestedJSONfromPOJOClasses" name="generatePOJODataForComplexNestedObhect" time="0.522"/>
  <system-out/>
</testsuite> <!-- POJO.CreateNestedJSONfromPOJOClasses -->
