<?xml version="1.0" encoding="UTF-8"?>
<!-- Generated by org.testng.reporters.JUnitReportReporter -->
<testsuite hostname="Dell210221" failures="0" tests="1" name="basic.rest.postcall.extractRequestResponse" time="3.692" errors="0" timestamp="2023-12-23T07:17:37 GMT" skipped="0">
  <testcase classname="basic.rest.postcall.extractRequestResponse" name="extractResponse" time="3.692"/>
  <system-out/>
</testsuite> <!-- basic.rest.postcall.extractRequestResponse -->
