<?xml version="1.0" encoding="UTF-8"?>
<!-- Generated by org.testng.reporters.JUnitReportReporter -->
<testsuite hostname="Dell210221" failures="0" tests="1" name="JSONResponseValidation.handleJSONArray" time="3.855" errors="0" timestamp="2023-12-25T07:15:58 GMT" skipped="0">
  <testcase classname="JSONResponseValidation.handleJSONArray" name="validateResponseBody" time="3.855"/>
  <system-out/>
</testsuite> <!-- JSONResponseValidation.handleJSONArray -->
