<?xml version="1.0" encoding="UTF-8"?>
<!-- Generated by org.testng.reporters.JUnitReportReporter -->
<testsuite hostname="Dell210221" failures="0" tests="1" name="POJO.DataSerializeAndDeserialize" time="0.382" errors="0" timestamp="2023-12-26T11:51:34 GMT" skipped="0">
  <testcase classname="POJO.DataSerializeAndDeserialize" name="createDataFromPOJO" time="0.382"/>
  <system-out/>
</testsuite> <!-- POJO.DataSerializeAndDeserialize -->
