<?xml version="1.0" encoding="UTF-8"?>
<!-- Generated by org.testng.reporters.JUnitReportReporter -->
<testsuite hostname="Dell210221" failures="0" tests="2" name="basic.rest.postcall.deleteRequest" time="4.957" errors="0" timestamp="2023-12-23T08:23:43 GMT" skipped="0">
  <testcase classname="basic.rest.postcall.deleteRequest" name="createRequestUsingRequestSpec" time="3.868"/>
  <system-out/>
  <testcase classname="basic.rest.postcall.deleteRequest" name="deleteRepository" time="1.089"/>
  <system-out/>
</testsuite> <!-- basic.rest.postcall.deleteRequest -->
