<?xml version="1.0" encoding="UTF-8"?>
<!-- Generated by org.testng.reporters.JUnitReportReporter -->
<testsuite hostname="Dell210221" failures="0" tests="1" name="basic.rest.postcall.createGitHubRepo" time="3.715" errors="0" timestamp="2023-12-23T06:59:23 GMT" skipped="0">
  <testcase classname="basic.rest.postcall.createGitHubRepo" name="createGitHubRepo" time="3.715"/>
  <system-out/>
</testsuite> <!-- basic.rest.postcall.createGitHubRepo -->
