<?xml version="1.0" encoding="UTF-8"?>
<!-- Generated by org.testng.reporters.JUnitReportReporter -->
<testsuite hostname="Dell210221" failures="0" tests="1" name="basic.rest.getcall.getGitHubRepoList" time="3.450" errors="0" timestamp="2023-12-25T07:17:15 GMT" skipped="0">
  <testcase classname="basic.rest.getcall.getGitHubRepoList" name="getGitHubRepo" time="3.450"/>
  <system-out/>
</testsuite> <!-- basic.rest.getcall.getGitHubRepoList -->
