<?xml version="1.0" encoding="UTF-8"?>
<!-- Generated by org.testng.reporters.JUnitReportReporter -->
<testsuite hostname="Dell210221" failures="0" tests="1" name="basic.rest.getcall.verifyresponsetest" time="1.819" errors="0" timestamp="2023-12-21T12:41:48 GMT" skipped="0">
  <testcase classname="basic.rest.getcall.verifyresponsetest" name="verifyResponseHeader" time="1.819"/>
  <system-out/>
</testsuite> <!-- basic.rest.getcall.verifyresponsetest -->
