<?xml version="1.0" encoding="UTF-8"?>
<!-- Generated by org.testng.reporters.JUnitReportReporter -->
<testsuite hostname="Dell210221" failures="0" tests="1" name="basic.rest.getcall.postRequestSpecification" time="2.921" errors="0" timestamp="2023-12-31T06:16:09 GMT" skipped="0">
  <testcase classname="basic.rest.getcall.postRequestSpecification" name="createRequestUsingRequestSpec" time="2.921"/>
  <system-out/>
</testsuite> <!-- basic.rest.getcall.postRequestSpecification -->
