<?xml version="1.0" encoding="UTF-8"?>
<!-- Generated by org.testng.reporters.JUnitReportReporter -->
<testsuite hostname="Dell210221" failures="0" tests="1" name="basic.rest.postcall.postcallautomation" time="3.798" errors="0" timestamp="2023-12-21T12:46:31 GMT" skipped="0">
  <testcase classname="basic.rest.postcall.postcallautomation" name="createBoard" time="3.798"/>
  <system-out/>
</testsuite> <!-- basic.rest.postcall.postcallautomation -->
