<?xml version="1.0" encoding="UTF-8"?>
<!-- Generated by org.testng.reporters.JUnitReportReporter -->
<testsuite hostname="Dell210221" failures="0" tests="1" name="POJO.JSONArraySerialization" time="0.880" errors="0" timestamp="2023-12-26T12:40:47 GMT" skipped="0">
  <testcase classname="POJO.JSONArraySerialization" name="createJSONArrayFromPOJO" time="0.880"/>
  <system-out/>
</testsuite> <!-- POJO.JSONArraySerialization -->
