<?xml version="1.0" encoding="UTF-8"?>
<!-- Generated by org.testng.reporters.JUnitReportReporter -->
<testsuite hostname="Dell210221" failures="0" tests="4" name="basic.testcase.createRepoTest" time="6.590" errors="0" timestamp="2024-01-05T07:22:47 GMT" skipped="0">
  <testcase classname="basic.testcase.createRepoTest" name="deleteRepo" time="0.510"/>
  <system-out/>
  <testcase classname="basic.testcase.createRepoTest" name="createRepoTestCaseUsingPojo" time="4.481"/>
  <system-out/>
  <testcase classname="basic.testcase.createRepoTest" name="createRepositoryTestCase" time="1.036"/>
  <system-out/>
  <testcase classname="basic.testcase.createRepoTest" name="deleteRepoFromPOJO" time="0.563"/>
  <system-out/>
</testsuite> <!-- basic.testcase.createRepoTest -->
