<?xml version="1.0" encoding="UTF-8"?>
<!-- Generated by org.testng.reporters.JUnitReportReporter -->
<testsuite hostname="Dell210221" failures="0" tests="2" name="basic.testcase.SampleLoggingGenerator" time="0.083" errors="0" timestamp="2023-12-30T07:27:24 GMT" skipped="0">
  <testcase classname="basic.testcase.SampleLoggingGenerator" name="REST_TEST02" time="0.003"/>
  <system-out/>
  <testcase classname="basic.testcase.SampleLoggingGenerator" name="REST_TEST01" time="0.080"/>
  <system-out/>
</testsuite> <!-- basic.testcase.SampleLoggingGenerator -->
