<?xml version="1.0" encoding="UTF-8"?>
<!-- Generated by org.testng.reporters.JUnitReportReporter -->
<testsuite hostname="Dell210221" failures="0" tests="3" name="FacebookLogin" time="0.011" errors="0" timestamp="2023-12-20T10:22:32 GMT" skipped="0">
  <testcase classname="FacebookLogin" name="loginWithValidUser" time="0.001"/>
  <system-out/>
  <testcase classname="FacebookLogin" name="loginWithInValid" time="0.009"/>
  <system-out/>
  <testcase classname="FacebookLogin" name="loginWithValid" time="0.001"/>
  <system-out/>
</testsuite> <!-- FacebookLogin -->
