<?xml version="1.0" encoding="UTF-8"?>
<!-- Generated by org.testng.reporters.JUnitReportReporter -->
<testsuite hostname="Dell210221" failures="0" tests="2" name="com.testng.dataprovider.TestParameterExample" time="0.016" errors="0" timestamp="2023-12-20T07:09:20 GMT" skipped="0">
  <testcase classname="com.testng.dataprovider.TestParameterExample" name="testAddition" time="0.015"/>
  <system-out/>
  <testcase classname="com.testng.dataprovider.TestParameterExample" name="testAddition" time="0.001"/>
  <system-out/>
</testsuite> <!-- com.testng.dataprovider.TestParameterExample -->
