<?xml version="1.0" encoding="UTF-8"?>
<!-- Generated by org.testng.reporters.JUnitReportReporter -->
<testsuite hostname="Dell210221" failures="0" tests="3" name="com.testng.dataprovider.DataProviderParameterExample" time="0.005" errors="0" timestamp="2023-12-20T15:23:43 GMT" skipped="0">
  <testcase classname="com.testng.dataprovider.DataProviderParameterExample" name="scenario2" time="0.002"/>
  <system-out/>
  <testcase classname="com.testng.dataprovider.DataProviderParameterExample" name="scenario1" time="0.001"/>
  <system-out/>
  <testcase classname="com.testng.dataprovider.DataProviderParameterExample" name="commonScenarios" time="0.002"/>
  <system-out/>
</testsuite> <!-- com.testng.dataprovider.DataProviderParameterExample -->
