<?xml version="1.0" encoding="UTF-8"?>
<!-- Generated by org.testng.reporters.JUnitReportReporter -->
<testsuite hostname="Dell210221" failures="0" tests="4" name="com.testing.training.SkippingExample" time="0.003" errors="0" timestamp="2023-12-19T15:06:06 GMT" skipped="2">
  <testcase classname="com.testing.training.SkippingExample" name="testThree" time="0.001"/>
  <system-out/>
  <testcase classname="com.testing.training.SkippingExample" name="testFour" time="0.001"/>
  <system-out/>
  <testcase classname="com.testing.training.SkippingExample" name="testTwo" time="0.001">
    <skipped/>
  </testcase> <!-- testTwo -->
  <system-out/>
  <testcase classname="com.testing.training.SkippingExample" name="testOne">
    <skipped/>
  </testcase> <!-- testOne -->
  <system-out/>
</testsuite> <!-- com.testing.training.SkippingExample -->
