<?xml version="1.0" encoding="UTF-8"?>
<!-- Generated by org.testng.reporters.JUnitReportReporter -->
<testsuite hostname="Dell210221" failures="0" tests="4" name="com.testing.training.TestCaseGrouping" time="0.001" errors="0" timestamp="2023-12-19T15:06:06 GMT" skipped="0">
  <testcase classname="com.testing.training.TestCaseGrouping" name="testCaseOne" time="0.000"/>
  <system-out/>
  <testcase classname="com.testing.training.TestCaseGrouping" name="testCaseFour" time="0.000"/>
  <system-out/>
  <testcase classname="com.testing.training.TestCaseGrouping" name="testCaseThree" time="0.001"/>
  <system-out/>
  <testcase classname="com.testing.training.TestCaseGrouping" name="testCaseTwo" time="0.000"/>
  <system-out/>
</testsuite> <!-- com.testing.training.TestCaseGrouping -->
