<?xml version="1.0" encoding="UTF-8"?>
<!-- Generated by org.testng.reporters.JUnitReportReporter -->
<testsuite hostname="Dell210221" failures="0" tests="6" name="FacebookProfile" time="0.010" errors="0" timestamp="2023-12-20T10:22:32 GMT" skipped="0">
  <testcase classname="FacebookProfile" name="updateName" time="0.001"/>
  <system-out/>
  <testcase classname="FacebookProfile" name="updateEmail" time="0.003"/>
  <system-out/>
  <testcase classname="FacebookProfile" name="updateName" time="0.001"/>
  <system-out/>
  <testcase classname="FacebookProfile" name="updateAge" time="0.001"/>
  <system-out/>
  <testcase classname="FacebookProfile" name="updateAge" time="0.003"/>
  <system-out/>
  <testcase classname="FacebookProfile" name="updateEmail" time="0.001"/>
  <system-out/>
</testsuite> <!-- FacebookProfile -->
