<?xml version="1.0" encoding="UTF-8"?>
<!-- Generated by org.testng.reporters.JUnitReportReporter -->
<testsuite hostname="Dell210221" failures="0" tests="2" name="com.testing.training.SampleClassTwo" time="0.002" errors="0" timestamp="2023-12-19T15:06:06 GMT" skipped="0">
  <testcase classname="com.testing.training.SampleClassTwo" name="sampleTestTwoMethodOne" time="0.001"/>
  <system-out/>
  <testcase classname="com.testing.training.SampleClassTwo" name="sampleTestTwoMethodTwo" time="0.001"/>
  <system-out/>
</testsuite> <!-- com.testing.training.SampleClassTwo -->
