<?xml version="1.0" encoding="UTF-8"?>
<!-- Generated by org.testng.reporters.JUnitReportReporter -->
<testsuite hostname="Dell210221" failures="0" tests="4" name="com.testing.training.PriorityExample" time="0.004" errors="0" timestamp="2023-12-19T15:06:06 GMT" skipped="0">
  <testcase classname="com.testing.training.PriorityExample" name="testOne" time="0.001"/>
  <system-out/>
  <testcase classname="com.testing.training.PriorityExample" name="testTwo" time="0.001"/>
  <system-out/>
  <testcase classname="com.testing.training.PriorityExample" name="testThree" time="0.001"/>
  <system-out/>
  <testcase classname="com.testing.training.PriorityExample" name="testFour" time="0.001"/>
  <system-out/>
</testsuite> <!-- com.testing.training.PriorityExample -->
