<?xml version="1.0" encoding="UTF-8"?>
<!-- Generated by org.testng.reporters.JUnitReportReporter -->
<testsuite hostname="Dell210221" failures="0" tests="2" name="com.testing.training.TestParameters" time="0.002" errors="0" timestamp="2023-12-20T15:23:43 GMT" skipped="0">
  <testcase classname="com.testing.training.TestParameters" name="testCaseTwo" time="0.001"/>
  <system-out/>
  <testcase classname="com.testing.training.TestParameters" name="testCaseOne" time="0.001"/>
  <system-out/>
</testsuite> <!-- com.testing.training.TestParameters -->
