<?xml version="1.0" encoding="UTF-8"?>
<!-- Generated by org.testng.reporters.JUnitReportReporter -->
<testsuite hostname="Dell210221" failures="0" tests="1" name="com.testng.dataprovider.DataProviderAcceptanceExample" time="0.001" errors="0" timestamp="2023-12-20T15:23:43 GMT" skipped="0">
  <testcase classname="com.testng.dataprovider.DataProviderAcceptanceExample" name="acceptanceTest" time="0.001"/>
  <system-out/>
</testsuite> <!-- com.testng.dataprovider.DataProviderAcceptanceExample -->
