<?xml version="1.0" encoding="UTF-8"?>
<!-- Generated by org.testng.reporters.JUnitReportReporter -->
<testsuite hostname="Dell210221" failures="0" tests="1" name="executionorder.AnnotationTest" time="0.006" errors="0" timestamp="2023-12-20T15:23:43 GMT" skipped="0">
  <testcase classname="executionorder.AnnotationTest" name="firstTest" time="0.006"/>
  <system-out/>
</testsuite> <!-- executionorder.AnnotationTest -->
