<?xml version="1.0" encoding="UTF-8"?>
<!-- Generated by org.testng.reporters.JUnitReportReporter -->
<testsuite hostname="Dell210221" failures="0" tests="1" name="com.testng.dataprovider.DataProviderIntegrationExample" time="0.002" errors="0" timestamp="2023-12-20T15:23:43 GMT" skipped="0">
  <testcase classname="com.testng.dataprovider.DataProviderIntegrationExample" name="integrationTest" time="0.002"/>
  <system-out/>
</testsuite> <!-- com.testng.dataprovider.DataProviderIntegrationExample -->
